#
# A fatal error has been detected by the Java Runtime Environment:
#
#  EXCEPTION_ACCESS_VIOLATION (0xc0000005) at pc=0x000000006674a90b, pid=13460, tid=12804
#
# JRE version: 7.0_02-b13
# Java VM: Java HotSpot(TM) 64-Bit Server VM (22.0-b10 mixed mode windows-amd64 compressed oops)
# Problematic frame:
# V  [jvm.dll+0x39a90b]
#
# Failed to write core dump. Minidumps are not enabled by default on client versions of Windows
#
# If you would like to submit a bug report, please visit:
#   http://bugreport.sun.com/bugreport/crash.jsp
#

---------------  T H R E A D  ---------------

Current thread (0x0000000005f14800):  JavaThread "C2 CompilerThread0" daemon [_thread_in_native, id=12804, stack(0x0000000006e80000,0x0000000006f80000)]

siginfo: ExceptionCode=0xc0000005, reading address 0x0000000000b50080

Registers:
RAX=0x0000000000b50078, RBX=0x0000000000000011, RCX=0x0000000000000001, RDX=0x0000000009b5bf20
RSP=0x0000000006f7c370, RBP=0x0000000006f7c3e1, RSI=0x0000000008f2cb40, RDI=0x0000000000000007
R8 =0x0000000009b5bf20, R9 =0x0000000008f2cb40, R10=0x0000000000000000, R11=0x0000000000000000
R12=0x0000000006f7c5d0, R13=0x0000000006f7c5d0, R14=0x0000000009b5bf20, R15=0x0000000009b5bf20
RIP=0x000000006674a90b, EFLAGS=0x0000000000010202

Top of Stack: (sp=0x0000000006f7c370)
0x0000000006f7c370:   0000000000000011 0000000006f7c3e1
0x0000000006f7c380:   0000000000001306 0000000009b5b6f8
0x0000000006f7c390:   0000000006f7c500 0000000006f7c3e0
0x0000000006f7c3a0:   000000000000003d 0000000066734747
0x0000000006f7c3b0:   0000000008f2cb40 0000000008f2cb40
0x0000000006f7c3c0:   0000000009b5b6f8 0000000000071dc0
0x0000000006f7c3d0:   0000000000072240 0000000009b5b6f8
0x0000000006f7c3e0:   0000000000000000 0000000000000000
0x0000000006f7c3f0:   0000000000000000 000000006678d155
0x0000000006f7c400:   0000000006f7c5d0 0000000000000007
0x0000000006f7c410:   0000000008f2cb40 0000000000000001
0x0000000006f7c420:   0000000000000000 0000000009b124e0
0x0000000006f7c430:   0000000000000038 000000006674adbc
0x0000000006f7c440:   0000000000000011 0000000009b5be48
0x0000000006f7c450:   000000000000003d 0000000008f2cb40
0x0000000006f7c460:   0000000000000007 0000000000000023 

Instructions: (pc=0x000000006674a90b)
0x000000006674a8eb:   2e 49 8b 40 08 48 89 b4 24 a0 00 00 00 83 e1 01
0x000000006674a8fb:   48 89 bc 24 98 00 00 00 4c 89 ac 24 90 00 00 00
0x000000006674a90b:   48 8b 3c c8 49 8b 4c 24 18 48 89 7d f7 e8 53 a4
0x000000006674a91b:   ff ff 49 8b 4c 24 18 48 8b d7 44 8b e8 e8 43 a4 


Register to memory mapping:

RAX=0x0000000000b50078 is an unknown value
RBX=0x0000000000000011 is an unknown value
RCX=0x0000000000000001 is an unknown value
RDX=0x0000000009b5bf20 is an unknown value
RSP=0x0000000006f7c370 is pointing into the stack for thread: 0x0000000005f14800
RBP=0x0000000006f7c3e1 is pointing into the stack for thread: 0x0000000005f14800
RSI=0x0000000008f2cb40 is an unknown value
RDI=0x0000000000000007 is an unknown value
R8 =0x0000000009b5bf20 is an unknown value
R9 =0x0000000008f2cb40 is an unknown value
R10=0x0000000000000000 is an unknown value
R11=0x0000000000000000 is an unknown value
R12=0x0000000006f7c5d0 is pointing into the stack for thread: 0x0000000005f14800
R13=0x0000000006f7c5d0 is pointing into the stack for thread: 0x0000000005f14800
R14=0x0000000009b5bf20 is an unknown value
R15=0x0000000009b5bf20 is an unknown value


Stack: [0x0000000006e80000,0x0000000006f80000],  sp=0x0000000006f7c370,  free space=1008k
Native frames: (J=compiled Java code, j=interpreted, Vv=VM code, C=native code)
V  [jvm.dll+0x39a90b]


Current CompileTask:
C2:   3960  239             java.beans.Introspector::getTargetMethodInfo (255 bytes)


---------------  P R O C E S S  ---------------

Java Threads: ( => current thread )
  0x0000000005f1d800 JavaThread "Service Thread" daemon [_thread_blocked, id=13856, stack(0x0000000006fd0000,0x00000000070d0000)]
  0x0000000005f19800 JavaThread "C2 CompilerThread1" daemon [_thread_in_native, id=5936, stack(0x0000000006660000,0x0000000006760000)]
=>0x0000000005f14800 JavaThread "C2 CompilerThread0" daemon [_thread_in_native, id=12804, stack(0x0000000006e80000,0x0000000006f80000)]
  0x0000000005f12000 JavaThread "Attach Listener" daemon [_thread_blocked, id=13380, stack(0x0000000006c80000,0x0000000006d80000)]
  0x0000000005f0d000 JavaThread "Signal Dispatcher" daemon [_thread_blocked, id=12372, stack(0x0000000006ab0000,0x0000000006bb0000)]
  0x00000000021e7000 JavaThread "Finalizer" daemon [_thread_blocked, id=13552, stack(0x0000000006940000,0x0000000006a40000)]
  0x00000000021e0000 JavaThread "Reference Handler" daemon [_thread_blocked, id=11772, stack(0x0000000006770000,0x0000000006870000)]
  0x000000000019c800 JavaThread "main" [_thread_in_Java, id=13792, stack(0x0000000002230000,0x0000000002330000)]

Other Threads:
  0x00000000021d8800 VMThread [stack: 0x0000000006500000,0x0000000006600000] [id=8036]
  0x0000000005f2e000 WatcherThread [stack: 0x0000000007110000,0x0000000007210000] [id=6164]

VM state:not at safepoint (normal execution)

VM Mutex/Monitor currently owned by a thread: None

Heap
 PSYoungGen      total 105792K, used 68028K [0x00000000f0000000, 0x00000000f6f60000, 0x0000000100000000)
  eden space 98112K, 65% used [0x00000000f0000000,0x00000000f3e977e0,0x00000000f5fd0000)
  from space 7680K, 76% used [0x00000000f6780000,0x00000000f6d3d100,0x00000000f6f00000)
  to   space 7872K, 0% used [0x00000000f5fd0000,0x00000000f5fd0000,0x00000000f6780000)
 PSOldGen        total 32768K, used 13661K [0x00000000d0000000, 0x00000000d2000000, 0x00000000f0000000)
  object space 32768K, 41% used [0x00000000d0000000,0x00000000d0d57768,0x00000000d2000000)
 PSPermGen       total 21248K, used 21209K [0x00000000cae00000, 0x00000000cc2c0000, 0x00000000d0000000)
  object space 21248K, 99% used [0x00000000cae00000,0x00000000cc2b67c8,0x00000000cc2c0000)

Code Cache  [0x0000000002430000, 0x00000000026a0000, 0x0000000005430000)
 total_blobs=844 nmethods=305 adapters=491 free_code_cache=46788Kb largest_free_block=47865344

Dynamic libraries:
0x000000013f310000 - 0x000000013f343000 	c:\Program Files\Java\jdk1.7.0_02\bin\java.exe
0x0000000077c40000 - 0x0000000077de9000 	C:\Windows\SYSTEM32\ntdll.dll
0x00000000777b0000 - 0x00000000778cf000 	C:\Windows\system32\kernel32.dll
0x000007fefe270000 - 0x000007fefe2db000 	C:\Windows\system32\KERNELBASE.dll
0x000007fefe8f0000 - 0x000007fefe9cb000 	C:\Windows\system32\ADVAPI32.dll
0x000007feffcd0000 - 0x000007feffd6f000 	C:\Windows\system32\msvcrt.dll
0x000007feffbf0000 - 0x000007feffc0f000 	C:\Windows\SYSTEM32\sechost.dll
0x000007feffa50000 - 0x000007feffb7d000 	C:\Windows\system32\RPCRT4.dll
0x0000000077560000 - 0x000000007765a000 	C:\Windows\system32\USER32.dll
0x000007feffb80000 - 0x000007feffbe7000 	C:\Windows\system32\GDI32.dll
0x000007feffcc0000 - 0x000007feffcce000 	C:\Windows\system32\LPK.dll
0x000007fefe500000 - 0x000007fefe5c9000 	C:\Windows\system32\USP10.dll
0x000007fefc600000 - 0x000007fefc7f4000 	C:\Windows\WinSxS\amd64_microsoft.windows.common-controls_6595b64144ccf1df_6.0.7601.17514_none_fa396087175ac9ac\COMCTL32.dll
0x000007fefe870000 - 0x000007fefe8e1000 	C:\Windows\system32\SHLWAPI.dll
0x000007fefe4d0000 - 0x000007fefe4fe000 	C:\Windows\system32\IMM32.DLL
0x000007feffe40000 - 0x000007fefff49000 	C:\Windows\system32\MSCTF.dll
0x000000006db00000 - 0x000000006dbd1000 	c:\Program Files\Java\jdk1.7.0_02\jre\bin\msvcr100.dll
0x00000000663b0000 - 0x0000000066a8a000 	c:\Program Files\Java\jdk1.7.0_02\jre\bin\server\jvm.dll
0x000007fefde30000 - 0x000007fefde39000 	C:\Windows\system32\WSOCK32.dll
0x000007feffdf0000 - 0x000007feffe3d000 	C:\Windows\system32\WS2_32.dll
0x000007feffc10000 - 0x000007feffc18000 	C:\Windows\system32\NSI.dll
0x000007fefba00000 - 0x000007fefba3b000 	C:\Windows\system32\WINMM.dll
0x0000000077e00000 - 0x0000000077e07000 	C:\Windows\system32\PSAPI.DLL
0x000000006e9b0000 - 0x000000006e9bf000 	c:\Program Files\Java\jdk1.7.0_02\jre\bin\verify.dll
0x000000006e7c0000 - 0x000000006e7e8000 	c:\Program Files\Java\jdk1.7.0_02\jre\bin\java.dll
0x000000006e880000 - 0x000000006e895000 	c:\Program Files\Java\jdk1.7.0_02\jre\bin\zip.dll
0x000000006e860000 - 0x000000006e879000 	C:\Program Files\Java\jdk1.7.0_02\jre\bin\net.dll
0x000007fefd640000 - 0x000007fefd695000 	C:\Windows\system32\mswsock.dll
0x000007fefd630000 - 0x000007fefd637000 	C:\Windows\System32\wship6.dll
0x000000006e7a0000 - 0x000000006e7b1000 	C:\Program Files\Java\jdk1.7.0_02\jre\bin\nio.dll
0x0000000180000000 - 0x0000000180037000 	C:\Users\rushan\.gradle\jna\jnidispatch.dll
0x000007fefd6a0000 - 0x000007fefd6b7000 	C:\Windows\system32\CRYPTSP.dll
0x000007fefd3d0000 - 0x000007fefd417000 	C:\Windows\system32\rsaenh.dll
0x000007fefdf80000 - 0x000007fefdf9e000 	C:\Windows\system32\USERENV.dll
0x000007fefdf70000 - 0x000007fefdf7f000 	C:\Windows\system32\profapi.dll
0x000007fefdd10000 - 0x000007fefdd1f000 	C:\Windows\system32\CRYPTBASE.dll
0x000007fefba40000 - 0x000007fefba55000 	C:\Windows\system32\NLAapi.dll
0x000007fef8f10000 - 0x000007fef8f25000 	C:\Windows\system32\napinsp.dll
0x000007fef7fb0000 - 0x000007fef7fc9000 	C:\Windows\system32\pnrpnsp.dll
0x000007fefd4c0000 - 0x000007fefd51b000 	C:\Windows\system32\DNSAPI.dll
0x000007fef7fa0000 - 0x000007fef7fab000 	C:\Windows\System32\winrnr.dll
0x000007fefcff0000 - 0x000007fefcff7000 	C:\Windows\System32\wshtcpip.dll
0x000007fefde00000 - 0x000007fefde27000 	C:\Windows\system32\IPHLPAPI.DLL
0x000007fefddf0000 - 0x000007fefddfb000 	C:\Windows\system32\WINNSI.DLL
0x000007fef9670000 - 0x000007fef9678000 	C:\Windows\system32\rasadhlp.dll
0x000007fefb3f0000 - 0x000007fefb443000 	C:\Windows\System32\fwpuclnt.dll
0x0000000075240000 - 0x000000007524b000 	C:\Program Files\Java\jdk1.7.0_02\jre\bin\management.dll
0x000007fefdcb0000 - 0x000007fefdd07000 	C:\Windows\system32\apphelp.dll
0x000007fefb380000 - 0x000007fefb391000 	C:\Windows\system32\dhcpcsvc6.DLL
0x000007fefb580000 - 0x000007fefb598000 	C:\Windows\system32\dhcpcsvc.DLL

VM Arguments:
jvm_args: -Dorg.gradle.appname=gradle 
java_command: org.gradle.launcher.GradleMain jar
Launcher Type: SUN_STANDARD

Environment Variables:
JAVA_HOME=c:\Program Files\Java\jdk1.7.0_02
CLASSPATH=c:\Users\rushan\data\programs\gradle-1.0-milestone-8a\bin\..\lib\gradle-launcher-1.0-milestone-8a.jar
PATH=C:\oraclexe\app\oracle\product\10.2.0\server\bin;C:\Windows\system32;C:\Windows;C:\Windows\System32\Wbem;C:\Windows\System32\WindowsPowerShell\v1.0\;c:\Program Files\Java\jdk1.7.0_02\bin\;C:\Program Files (x86)\QuickTime\QTSystem\;C:\Program Files (x86)\Autodesk\Backburner\;C:\Program Files\Common Files\Autodesk Shared\;C:\Program Files\TortoiseSVN\bin;C:\Program Files (x86)\Git\cmd;c:\Users\rushan\data\programs\apache-maven\bin;C:\Program Files (x86)\OpenVPN\bin;C:\Program Files\pl\lib;C:\Program Files\pl\bin;c:\Users\rushan\data\programs\putty;C:\Users\rushan\data\programs\apache-ant-1.8.2\bin;c:\glassfish3\bin;c:\Users\rushan\data\programs\gradle-1.0-milestone-8a\bin;
USERNAME=rushan
OS=Windows_NT
PROCESSOR_IDENTIFIER=Intel64 Family 6 Model 15 Stepping 11, GenuineIntel



---------------  S Y S T E M  ---------------

OS: Windows 7 , 64 bit Build 7601 Service Pack 1

CPU:total 4 (4 cores per cpu, 1 threads per core) family 6 model 15 stepping 11, cmov, cx8, fxsr, mmx, sse, sse2, sse3, ssse3

Memory: 4k page, physical 3144824k(1324696k free), swap 6287800k(2235032k free)

vm_info: Java HotSpot(TM) 64-Bit Server VM (22.0-b10) for windows-amd64 JRE (1.7.0_02-b13), built on Nov 17 2011 13:51:15 by "java_re" with unknown MS VC++:1600

time: Sat Mar 10 01:02:21 2012
elapsed time: 3 seconds

